<?xml version="1.0" encoding="UTF-8"?>
<testsuite name="com.freelec.freelecspringboot2webservice.FreelecSpringboot2WebserviceApplicationTests" tests="1" skipped="0" failures="0" errors="0" timestamp="2021-10-07T12:36:19" hostname="heojinhoui-Macmini.local" time="0.045">
  <properties/>
  <testcase name="contextLoads()" classname="com.freelec.freelecspringboot2webservice.FreelecSpringboot2WebserviceApplicationTests" time="0.045"/>
  <system-out><![CDATA[21:36:16.359 [Test worker] DEBUG org.springframework.test.context.BootstrapUtils - Instantiating CacheAwareContextLoaderDelegate from class [org.springframework.test.context.cache.DefaultCacheAwareContextLoaderDelegate]
21:36:16.367 [Test worker] DEBUG org.springframework.test.context.BootstrapUtils - Instantiating BootstrapContext using constructor [public org.springframework.test.context.support.DefaultBootstrapContext(java.lang.Class,org.springframework.test.context.CacheAwareContextLoaderDelegate)]
21:36:16.390 [Test worker] DEBUG org.springframework.test.context.BootstrapUtils - Instantiating TestContextBootstrapper for test class [com.freelec.freelecspringboot2webservice.FreelecSpringboot2WebserviceApplicationTests] from class [org.springframework.boot.test.context.SpringBootTestContextBootstrapper]
21:36:16.402 [Test worker] INFO org.springframework.boot.test.context.SpringBootTestContextBootstrapper - Neither @ContextConfiguration nor @ContextHierarchy found for test class [com.freelec.freelecspringboot2webservice.FreelecSpringboot2WebserviceApplicationTests], using SpringBootContextLoader
21:36:16.405 [Test worker] DEBUG org.springframework.test.context.support.AbstractContextLoader - Did not detect default resource location for test class [com.freelec.freelecspringboot2webservice.FreelecSpringboot2WebserviceApplicationTests]: class path resource [com/freelec/freelecspringboot2webservice/FreelecSpringboot2WebserviceApplicationTests-context.xml] does not exist
21:36:16.405 [Test worker] DEBUG org.springframework.test.context.support.AbstractContextLoader - Did not detect default resource location for test class [com.freelec.freelecspringboot2webservice.FreelecSpringboot2WebserviceApplicationTests]: class path resource [com/freelec/freelecspringboot2webservice/FreelecSpringboot2WebserviceApplicationTestsContext.groovy] does not exist
21:36:16.405 [Test worker] INFO org.springframework.test.context.support.AbstractContextLoader - Could not detect default resource locations for test class [com.freelec.freelecspringboot2webservice.FreelecSpringboot2WebserviceApplicationTests]: no resource found for suffixes {-context.xml, Context.groovy}.
21:36:16.405 [Test worker] INFO org.springframework.test.context.support.AnnotationConfigContextLoaderUtils - Could not detect default configuration classes for test class [com.freelec.freelecspringboot2webservice.FreelecSpringboot2WebserviceApplicationTests]: FreelecSpringboot2WebserviceApplicationTests does not declare any static, non-private, non-final, nested classes annotated with @Configuration.
21:36:16.426 [Test worker] DEBUG org.springframework.test.context.support.ActiveProfilesUtils - Could not find an 'annotation declaring class' for annotation type [org.springframework.test.context.ActiveProfiles] and class [com.freelec.freelecspringboot2webservice.FreelecSpringboot2WebserviceApplicationTests]
21:36:16.458 [Test worker] DEBUG org.springframework.context.annotation.ClassPathScanningCandidateComponentProvider - Identified candidate component class: file [/Users/heojinho/Desktop/projects/AWSProjects/freelec-springboot2-webservice/build/classes/java/main/com/freelec/freelecspringboot2webservice/FreelecSpringboot2WebserviceApplication.class]
21:36:16.460 [Test worker] INFO org.springframework.boot.test.context.SpringBootTestContextBootstrapper - Found @SpringBootConfiguration com.freelec.freelecspringboot2webservice.FreelecSpringboot2WebserviceApplication for test class com.freelec.freelecspringboot2webservice.FreelecSpringboot2WebserviceApplicationTests
21:36:16.504 [Test worker] DEBUG org.springframework.boot.test.context.SpringBootTestContextBootstrapper - @TestExecutionListeners is not present for class [com.freelec.freelecspringboot2webservice.FreelecSpringboot2WebserviceApplicationTests]: using defaults.
21:36:16.504 [Test worker] INFO org.springframework.boot.test.context.SpringBootTestContextBootstrapper - Loaded default TestExecutionListener class names from location [META-INF/spring.factories]: [org.springframework.boot.test.autoconfigure.restdocs.RestDocsTestExecutionListener, org.springframework.boot.test.autoconfigure.web.client.MockRestServiceServerResetTestExecutionListener, org.springframework.boot.test.autoconfigure.web.servlet.MockMvcPrintOnlyOnFailureTestExecutionListener, org.springframework.boot.test.autoconfigure.web.servlet.WebDriverTestExecutionListener, org.springframework.boot.test.autoconfigure.webservices.client.MockWebServiceServerTestExecutionListener, org.springframework.boot.test.mock.mockito.MockitoTestExecutionListener, org.springframework.boot.test.mock.mockito.ResetMocksTestExecutionListener, org.springframework.test.context.web.ServletTestExecutionListener, org.springframework.test.context.support.DirtiesContextBeforeModesTestExecutionListener, org.springframework.test.context.event.ApplicationEventsTestExecutionListener, org.springframework.test.context.support.DependencyInjectionTestExecutionListener, org.springframework.test.context.support.DirtiesContextTestExecutionListener, org.springframework.test.context.transaction.TransactionalTestExecutionListener, org.springframework.test.context.jdbc.SqlScriptsTestExecutionListener, org.springframework.test.context.event.EventPublishingTestExecutionListener]
21:36:16.514 [Test worker] INFO org.springframework.boot.test.context.SpringBootTestContextBootstrapper - Using TestExecutionListeners: [org.springframework.test.context.web.ServletTestExecutionListener@3abada5a, org.springframework.test.context.support.DirtiesContextBeforeModesTestExecutionListener@66c61024, org.springframework.test.context.event.ApplicationEventsTestExecutionListener@61fe30, org.springframework.boot.test.mock.mockito.MockitoTestExecutionListener@c9d0d6, org.springframework.boot.test.autoconfigure.SpringBootDependencyInjectionTestExecutionListener@6ccdb29f, org.springframework.test.context.support.DirtiesContextTestExecutionListener@3adcc812, org.springframework.test.context.transaction.TransactionalTestExecutionListener@35432107, org.springframework.test.context.jdbc.SqlScriptsTestExecutionListener@7b420819, org.springframework.test.context.event.EventPublishingTestExecutionListener@7a1a14a4, org.springframework.boot.test.autoconfigure.restdocs.RestDocsTestExecutionListener@265adfad, org.springframework.boot.test.autoconfigure.web.client.MockRestServiceServerResetTestExecutionListener@a3d9978, org.springframework.boot.test.autoconfigure.web.servlet.MockMvcPrintOnlyOnFailureTestExecutionListener@61544ae6, org.springframework.boot.test.autoconfigure.web.servlet.WebDriverTestExecutionListener@4b41dd5c, org.springframework.boot.test.autoconfigure.webservices.client.MockWebServiceServerTestExecutionListener@3b96c42e, org.springframework.boot.test.mock.mockito.ResetMocksTestExecutionListener@5d066c7d]
21:36:16.516 [Test worker] DEBUG org.springframework.test.context.support.AbstractDirtiesContextTestExecutionListener - Before test class: context [DefaultTestContext@6581dc0a testClass = FreelecSpringboot2WebserviceApplicationTests, testInstance = [null], testMethod = [null], testException = [null], mergedContextConfiguration = [WebMergedContextConfiguration@39de3d36 testClass = FreelecSpringboot2WebserviceApplicationTests, locations = '{}', classes = '{class com.freelec.freelecspringboot2webservice.FreelecSpringboot2WebserviceApplication}', contextInitializerClasses = '[]', activeProfiles = '{}', propertySourceLocations = '{}', propertySourceProperties = '{org.springframework.boot.test.context.SpringBootTestContextBootstrapper=true}', contextCustomizers = set[org.springframework.boot.test.autoconfigure.actuate.metrics.MetricsExportContextCustomizerFactory$DisableMetricExportContextCustomizer@235ecd9f, org.springframework.boot.test.autoconfigure.properties.PropertyMappingContextCustomizer@0, org.springframework.boot.test.autoconfigure.web.servlet.WebDriverContextCustomizerFactory$Customizer@4c60d6e9, org.springframework.boot.test.context.filter.ExcludeFilterContextCustomizer@7f485fda, org.springframework.boot.test.json.DuplicateJsonObjectContextCustomizerFactory$DuplicateJsonObjectContextCustomizer@8519cb4, org.springframework.boot.test.mock.mockito.MockitoContextCustomizer@0, org.springframework.boot.test.web.client.TestRestTemplateContextCustomizer@57a78e3, org.springframework.boot.test.context.SpringBootTestArgs@1, org.springframework.boot.test.context.SpringBootTestWebEnvironment@163e4e87], resourceBasePath = 'src/main/webapp', contextLoader = 'org.springframework.boot.test.context.SpringBootContextLoader', parent = [null]], attributes = map['org.springframework.test.context.web.ServletTestExecutionListener.activateListener' -> true]], class annotated with @DirtiesContext [false] with mode [null].
21:36:16.531 [Test worker] DEBUG org.springframework.test.context.support.TestPropertySourceUtils - Adding inlined properties to environment: {spring.jmx.enabled=false, org.springframework.boot.test.context.SpringBootTestContextBootstrapper=true}

  .   ____          _            __ _ _
 /\\ / ___'_ __ _ _(_)_ __  __ _ \ \ \ \
( ( )\___ | '_ | '_| | '_ \/ _` | \ \ \ \
 \\/  ___)| |_)| | | | | || (_| |  ) ) ) )
  '  |____| .__|_| |_|_| |_\__, | / / / /
 =========|_|==============|___/=/_/_/_/
 :: Spring Boot ::                (v2.5.5)

2021-10-07 21:36:16.941  INFO 54268 --- [    Test worker] lecSpringboot2WebserviceApplicationTests : Starting FreelecSpringboot2WebserviceApplicationTests using Java 1.8.0_292 on heojinhoui-Macmini.local with PID 54268 (started by heojinho in /Users/heojinho/Desktop/projects/AWSProjects/freelec-springboot2-webservice)
2021-10-07 21:36:16.942  INFO 54268 --- [    Test worker] lecSpringboot2WebserviceApplicationTests : The following profiles are active: oauth
2021-10-07 21:36:17.352  INFO 54268 --- [    Test worker] .s.d.r.c.RepositoryConfigurationDelegate : Bootstrapping Spring Data JPA repositories in DEFAULT mode.
2021-10-07 21:36:17.384  INFO 54268 --- [    Test worker] .s.d.r.c.RepositoryConfigurationDelegate : Finished Spring Data repository scanning in 27 ms. Found 2 JPA repository interfaces.
2021-10-07 21:36:17.595  INFO 54268 --- [    Test worker] trationDelegate$BeanPostProcessorChecker : Bean 'org.springframework.ws.config.annotation.DelegatingWsConfiguration' of type [org.springframework.ws.config.annotation.DelegatingWsConfiguration$$EnhancerBySpringCGLIB$$ac2975d1] is not eligible for getting processed by all BeanPostProcessors (for example: not eligible for auto-proxying)
2021-10-07 21:36:17.621  INFO 54268 --- [    Test worker] .w.s.a.s.AnnotationActionEndpointMapping : Supporting [WS-Addressing August 2004, WS-Addressing 1.0]
2021-10-07 21:36:17.723  INFO 54268 --- [    Test worker] com.zaxxer.hikari.HikariDataSource       : HikariPool-1 - Starting...
2021-10-07 21:36:17.819  INFO 54268 --- [    Test worker] com.zaxxer.hikari.HikariDataSource       : HikariPool-1 - Start completed.
2021-10-07 21:36:18.006  INFO 54268 --- [    Test worker] o.hibernate.jpa.internal.util.LogHelper  : HHH000204: Processing PersistenceUnitInfo [name: default]
2021-10-07 21:36:18.030  INFO 54268 --- [    Test worker] org.hibernate.Version                    : HHH000412: Hibernate ORM core version 5.4.32.Final
2021-10-07 21:36:18.115  INFO 54268 --- [    Test worker] o.hibernate.annotations.common.Version   : HCANN000001: Hibernate Commons Annotations {5.1.2.Final}
2021-10-07 21:36:18.179  INFO 54268 --- [    Test worker] org.hibernate.dialect.Dialect            : HHH000400: Using dialect: org.hibernate.dialect.H2Dialect
Hibernate: drop table if exists posts CASCADE 
Hibernate: drop table if exists user CASCADE 
Hibernate: create table posts (id bigint generated by default as identity, created_date timestamp, modified_date timestamp, author varchar(255), content TEXT not null, title varchar(500) not null, primary key (id))
Hibernate: create table user (id bigint generated by default as identity, email varchar(255) not null, name varchar(255) not null, picture varchar(255), role varchar(255) not null, primary key (id))
2021-10-07 21:36:18.517  INFO 54268 --- [    Test worker] o.h.e.t.j.p.i.JtaPlatformInitiator       : HHH000490: Using JtaPlatform implementation: [org.hibernate.engine.transaction.jta.platform.internal.NoJtaPlatform]
2021-10-07 21:36:18.521  INFO 54268 --- [    Test worker] j.LocalContainerEntityManagerFactoryBean : Initialized JPA EntityManagerFactory for persistence unit 'default'
2021-10-07 21:36:18.803  WARN 54268 --- [    Test worker] JpaBaseConfiguration$JpaWebConfiguration : spring.jpa.open-in-view is enabled by default. Therefore, database queries may be performed during view rendering. Explicitly configure spring.jpa.open-in-view to disable this warning
2021-10-07 21:36:19.169  INFO 54268 --- [    Test worker] o.s.s.web.DefaultSecurityFilterChain     : Will secure any request with [org.springframework.security.web.context.request.async.WebAsyncManagerIntegrationFilter@5c25daad, org.springframework.security.web.context.SecurityContextPersistenceFilter@6f655dbd, org.springframework.security.web.header.HeaderWriterFilter@73da303e, org.springframework.security.web.authentication.logout.LogoutFilter@1592e540, org.springframework.security.oauth2.client.web.OAuth2AuthorizationRequestRedirectFilter@2862271a, org.springframework.security.oauth2.client.web.OAuth2LoginAuthenticationFilter@653e7b, org.springframework.security.web.authentication.ui.DefaultLoginPageGeneratingFilter@93f15f6, org.springframework.security.web.authentication.ui.DefaultLogoutPageGeneratingFilter@6fdc2db6, org.springframework.security.web.savedrequest.RequestCacheAwareFilter@7ac1b6c0, org.springframework.security.web.servletapi.SecurityContextHolderAwareRequestFilter@68c4a860, org.springframework.security.web.authentication.AnonymousAuthenticationFilter@5be69f7e, org.springframework.security.web.session.SessionManagementFilter@32513dea, org.springframework.security.web.access.ExceptionTranslationFilter@5960f17, org.springframework.security.web.access.intercept.FilterSecurityInterceptor@4cc89246]
2021-10-07 21:36:19.445  INFO 54268 --- [    Test worker] o.s.b.a.h2.H2ConsoleAutoConfiguration    : H2 console available at '/h2-console'. Database available at 'jdbc:h2:mem:testdb'
2021-10-07 21:36:19.483  INFO 54268 --- [    Test worker] o.s.b.a.w.s.WelcomePageHandlerMapping    : Adding welcome page template: index
2021-10-07 21:36:19.683  INFO 54268 --- [    Test worker] s.a.ScheduledAnnotationBeanPostProcessor : No TaskScheduler/ScheduledExecutorService bean found for scheduled processing
2021-10-07 21:36:19.689  INFO 54268 --- [    Test worker] lecSpringboot2WebserviceApplicationTests : Started FreelecSpringboot2WebserviceApplicationTests in 3.154 seconds (JVM running for 3.71)
]]></system-out>
  <system-err><![CDATA[]]></system-err>
</testsuite>
